<?xml version="1.0" encoding="UTF-8"?>
<!-- Generated by org.testng.reporters.JUnitXMLReporter -->
<testsuite hostname="Infva06931" name="Test0001" tests="1" failures="1" timestamp="24 Nov 2017 17:09:53 GMT" time="1024.321" errors="0">
  <testcase name="cde" time="981.362" classname="testNg.cross">
    <failure type="org.openqa.selenium.NoSuchElementException" message="Unable to locate element: //li[871]/div/div[2]/span[3]/span[3]/span
For documentation on this error, please visit: http://seleniumhq.org/exceptions/no_such_element.html
Build info: version: &amp;apos;3.4.0&amp;apos;, revision: &amp;apos;unknown&amp;apos;, time: &amp;apos;unknown&amp;apos;
System info: host: &amp;apos;INFVA06931&amp;apos;, ip: &amp;apos;192.168.100.102&amp;apos;, os.name: &amp;apos;Windows 10&amp;apos;, os.arch: &amp;apos;amd64&amp;apos;, os.version: &amp;apos;10.0&amp;apos;, java.version: &amp;apos;1.8.0_121&amp;apos;
Driver info: org.openqa.selenium.firefox.FirefoxDriver
Capabilities [{moz:profile=C:\Users\tr3_pc7\AppData\Local\Temp\rust_mozprofile.zuuqddy94mje, rotatable=false, timeouts={implicit=0.0, pageLoad=300000.0, script=30000.0}, pageLoadStrategy=normal, platform=ANY, specificationLevel=0.0, moz:accessibilityChecks=false, acceptInsecureCerts=false, browserVersion=54.0, platformVersion=10.0, moz:processID=5436.0, browserName=firefox, javascriptEnabled=true, platformName=windows_nt}]
Session ID: f2617b51-f07b-4950-931b-2e62eec0bc11
*** Element info: {Using=xpath, value=//li[871]/div/div[2]/span[3]/span[3]/span}">
      <![CDATA[org.openqa.selenium.NoSuchElementException: Unable to locate element: //li[871]/div/div[2]/span[3]/span[3]/span
For documentation on this error, please visit: http://seleniumhq.org/exceptions/no_such_element.html
Build info: version: '3.4.0', revision: 'unknown', time: 'unknown'
System info: host: 'INFVA06931', ip: '192.168.100.102', os.name: 'Windows 10', os.arch: 'amd64', os.version: '10.0', java.version: '1.8.0_121'
Driver info: org.openqa.selenium.firefox.FirefoxDriver
Capabilities [{moz:profile=C:\Users\tr3_pc7\AppData\Local\Temp\rust_mozprofile.zuuqddy94mje, rotatable=false, timeouts={implicit=0.0, pageLoad=300000.0, script=30000.0}, pageLoadStrategy=normal, platform=ANY, specificationLevel=0.0, moz:accessibilityChecks=false, acceptInsecureCerts=false, browserVersion=54.0, platformVersion=10.0, moz:processID=5436.0, browserName=firefox, javascriptEnabled=true, platformName=windows_nt}]
Session ID: f2617b51-f07b-4950-931b-2e62eec0bc11
*** Element info: {Using=xpath, value=//li[871]/div/div[2]/span[3]/span[3]/span}
	at org.openqa.selenium.remote.http.W3CHttpResponseCodec.createException(W3CHttpResponseCodec.java:150)
	at org.openqa.selenium.remote.http.W3CHttpResponseCodec.decode(W3CHttpResponseCodec.java:115)
	at org.openqa.selenium.remote.http.W3CHttpResponseCodec.decode(W3CHttpResponseCodec.java:45)
	at org.openqa.selenium.remote.HttpCommandExecutor.execute(HttpCommandExecutor.java:164)
	at org.openqa.selenium.remote.service.DriverCommandExecutor.execute(DriverCommandExecutor.java:82)
	at org.openqa.selenium.remote.RemoteWebDriver.execute(RemoteWebDriver.java:637)
	at org.openqa.selenium.remote.RemoteWebDriver.findElement(RemoteWebDriver.java:410)
	at org.openqa.selenium.remote.RemoteWebDriver.findElementByXPath(RemoteWebDriver.java:509)
	at org.openqa.selenium.By$ByXPath.findElement(By.java:361)
	at org.openqa.selenium.remote.RemoteWebDriver.findElement(RemoteWebDriver.java:402)
	at testNg.cross.cde(Unknown Source)
... Removed 27 stack frames]]>
    </failure>
  </testcase> <!-- cde -->
</testsuite> <!-- Test0001 -->
